<?xml version="1.0" encoding="UTF-8"?>
<!-- Generated by org.testng.reporters.JUnitXMLReporter -->
<testsuite ignored="0" hostname="DESKTOP-MGUDHKL" failures="0" tests="3" name="Default test" time="13.729" errors="0" timestamp="2024-08-25T15:43:58 IST">
  <testcase classname="parameterization.parameterization" name="testlogin" time="7.0"/>
  <testcase classname="parameterization.parameterization" name="testlogin" time="2.264"/>
  <testcase classname="parameterization.parameterization" name="testlogin" time="2.256"/>
</testsuite> <!-- Default test -->
