<?xml version="1.0" encoding="UTF-8"?>
<!-- Generated by org.testng.reporters.JUnitXMLReporter -->
<testsuite ignored="3" hostname="DESKTOP-MGUDHKL" failures="0" tests="0" time="0.013" errors="0" timestamp="2024-08-24T20:34:05 IST">
  <testcase classname="testng.persnalloan" name="webloginpersonalloan" time="0.0">
    <ignored/>
  </testcase> <!-- webloginpersonalloan -->
  <testcase classname="testng.persnalloan" name="useagereport" time="0.0">
    <ignored/>
  </testcase> <!-- useagereport -->
  <testcase classname="testng.persnalloan" name="fiber" time="0.0">
    <ignored/>
  </testcase> <!-- fiber -->
</testsuite>
