<?xml version="1.0" encoding="UTF-8"?>
<!-- Generated by org.testng.reporters.JUnitXMLReporter -->
<testsuite ignored="5" hostname="DESKTOP-MGUDHKL" failures="0" tests="4" name="group" time="0.06" errors="0" timestamp="2024-08-24T22:29:04 IST">
  <testcase classname="grouping.logintest" name="loginbyemail" time="0.008"/>
  <testcase classname="grouping.logintest" name="loginbyfb" time="0.001"/>
  <testcase classname="grouping.logintest" name="loginbytwitter" time="0.002"/>
  <testcase classname="grouping.signuptest" name="signupbyemail" time="0.001"/>
  <testcase classname="grouping.signuptest" name="signupbytwitter" time="0.0">
    <ignored/>
  </testcase> <!-- signupbytwitter -->
  <testcase classname="grouping.paymenttest" name="payinafrica" time="0.0">
    <ignored/>
  </testcase> <!-- payinafrica -->
  <testcase classname="grouping.signuptest" name="signupbyfb" time="0.0">
    <ignored/>
  </testcase> <!-- signupbyfb -->
  <testcase classname="grouping.paymenttest" name="payinindia" time="0.0">
    <ignored/>
  </testcase> <!-- payinindia -->
  <testcase classname="grouping.paymenttest" name="payinus" time="0.0">
    <ignored/>
  </testcase> <!-- payinus -->
</testsuite> <!-- group -->
